<?xml version="1.0" encoding="UTF-8"?>
<!-- Generated by org.testng.reporters.JUnitReportReporter -->
<testsuite hostname="BINTERNS-QA35L" failures="0" tests="21" name="test_method.PharmEasy_Healthacremodule" time="115.476" errors="0" timestamp="2023-05-15T10:05:10 IST" skipped="0">
  <testcase classname="test_method.PharmEasy_Healthacremodule" name="Healthcare_module" time="21.154"/>
  <system-out/>
  <testcase classname="test_method.PharmEasy_Healthacremodule" name="Topcare_Healthcare_module" time="7.589"/>
  <system-out/>
  <testcase classname="test_method.PharmEasy_Healthacremodule" name="Diabetic_Healthcare_module" time="1.149"/>
  <system-out/>
  <testcase classname="test_method.PharmEasy_Healthacremodule" name="Everherb_Healthcare_module" time="1.136"/>
  <system-out/>
  <testcase classname="test_method.PharmEasy_Healthacremodule" name="Pharmeasy_Healthcare_module" time="1.147"/>
  <system-out/>
  <testcase classname="test_method.PharmEasy_Healthacremodule" name="Popularity_Healthcare_module" time="4.227"/>
  <system-out/>
  <testcase classname="test_method.PharmEasy_Healthacremodule" name="All_categories_Healthcare_module" time="5.426"/>
  <system-out/>
  <testcase classname="test_method.PharmEasy_Healthacremodule" name="Mostloved_Healthcare_module" time="6.296"/>
  <system-out/>
  <testcase classname="test_method.PharmEasy_Healthacremodule" name="Mostlovedpopularity_Healthcare_module" time="4.962"/>
  <system-out/>
  <testcase classname="test_method.PharmEasy_Healthacremodule" name="All_categoriesback_Healthcare_module" time="1.305"/>
  <system-out/>
  <testcase classname="test_method.PharmEasy_Healthacremodule" name="Personalcare_Healthcare_module" time="6.614"/>
  <system-out/>
  <testcase classname="test_method.PharmEasy_Healthacremodule" name="Appliacnes_Personalcare_Healthcare_module" time="1.575"/>
  <system-out/>
  <testcase classname="test_method.PharmEasy_Healthacremodule" name="Oralcare_Personalcare_Healthcare_module" time="1.164"/>
  <system-out/>
  <testcase classname="test_method.PharmEasy_Healthacremodule" name="Anchor_Personalcare_Healthcare_module" time="1.132"/>
  <system-out/>
  <testcase classname="test_method.PharmEasy_Healthacremodule" name="Brand_Personalcare_Healthcare_module" time="1.210"/>
  <system-out/>
  <testcase classname="test_method.PharmEasy_Healthacremodule" name="Popularitypc_Healthcare_module" time="4.340"/>
  <system-out/>
  <testcase classname="test_method.PharmEasy_Healthacremodule" name="All_categoriesReback_Healthcare_module" time="26.783"/>
  <system-out/>
  <testcase classname="test_method.PharmEasy_Healthacremodule" name="Fitness_Healthcare_module" time="14.894"/>
  <system-out/>
  <testcase classname="test_method.PharmEasy_Healthacremodule" name="Viewmore_Healthcare_module" time="1.122"/>
  <system-out/>
  <testcase classname="test_method.PharmEasy_Healthacremodule" name="Specialitysupplements_Healthcare_module" time="1.103"/>
  <system-out/>
  <testcase classname="test_method.PharmEasy_Healthacremodule" name="Apply_Healthcare_module" time="1.148"/>
  <system-out/>
</testsuite> <!-- test_method.PharmEasy_Healthacremodule -->
