<?xml version="1.0" encoding="UTF-8"?>
<!-- Generated by org.testng.reporters.JUnitReportReporter -->
<testsuite hostname="BINTERNS-QA35L" failures="0" tests="17" name="test_method.PharmEasy_medicine1module" time="37.375" errors="0" timestamp="2023-05-11T15:10:42 IST" skipped="2">
  <testcase classname="test_method.PharmEasy_medicine1module" name="Medicine_module" time="9.838"/>
  <system-out/>
  <testcase classname="test_method.PharmEasy_medicine1module" name="Offer_Medicine" time="2.783"/>
  <system-out/>
  <testcase classname="test_method.PharmEasy_medicine1module" name="Copycodeoffer_Medicine" time="2.080"/>
  <system-out/>
  <testcase classname="test_method.PharmEasy_medicine1module" name="Offer_leftscroll" time="2.090"/>
  <system-out/>
  <testcase classname="test_method.PharmEasy_medicine1module" name="Offerrightscroll_Medicine" time="2.058"/>
  <system-out/>
  <testcase classname="test_method.PharmEasy_medicine1module" name="Secondscroll_medicine" time="2.055"/>
  <system-out/>
  <testcase classname="test_method.PharmEasy_medicine1module" name="Whatcustomersay_medicine" time="2.088"/>
  <system-out/>
  <testcase classname="test_method.PharmEasy_medicine1module" name="Indias1_medicine" time="0.030"/>
  <system-out/>
  <testcase classname="test_method.PharmEasy_medicine1module" name="Online_medicine" time="2.046"/>
  <system-out/>
  <testcase classname="test_method.PharmEasy_medicine1module" name="Order_medicine" time="2.034"/>
  <system-out/>
  <testcase classname="test_method.PharmEasy_medicine1module" name="Question1_medicine" time="2.057"/>
  <system-out/>
  <testcase classname="test_method.PharmEasy_medicine1module" name="Medicine_homedelivery" time="2.042"/>
  <system-out/>
  <testcase classname="test_method.PharmEasy_medicine1module" name="Question4_medicine" time="2.046"/>
  <system-out/>
  <testcase classname="test_method.PharmEasy_medicine1module" name="Cancel_order" time="2.035"/>
  <system-out/>
  <testcase classname="test_method.PharmEasy_medicine1module" name="Recived_order" time="2.093"/>
  <system-out/>
  <testcase classname="test_method.PharmEasy_medicine1module" name="Callon_Medicine">
    <skipped/>
  </testcase> <!-- Callon_Medicine -->
  <system-out/>
  <testcase classname="test_method.PharmEasy_medicine1module" name="Order_Medicine">
    <skipped/>
  </testcase> <!-- Order_Medicine -->
  <system-out/>
</testsuite> <!-- test_method.PharmEasy_medicine1module -->
