<?xml version="1.0" encoding="UTF-8"?>
<!-- Generated by org.testng.reporters.JUnitReportReporter -->
<testsuite hostname="BINTERNS-QA35L" failures="0" tests="15" name="test_method.Pharmeasy_offermodule" time="18.691" errors="0" timestamp="2023-05-15T11:45:52 IST" skipped="2">
  <testcase classname="test_method.Pharmeasy_offermodule" name="Offers" time="3.729"/>
  <system-out/>
  <testcase classname="test_method.Pharmeasy_offermodule" name="Offers_payment" time="1.113"/>
  <system-out/>
  <testcase classname="test_method.Pharmeasy_offermodule" name="Healthcare_offer" time="1.080"/>
  <system-out/>
  <testcase classname="test_method.Pharmeasy_offermodule" name="Diagnostic_offer" time="1.091"/>
  <system-out/>
  <testcase classname="test_method.Pharmeasy_offermodule" name="Offers_medicine" time="1.097"/>
  <system-out/>
  <testcase classname="test_method.Pharmeasy_offermodule" name="Move1_offer" time="1.828"/>
  <system-out/>
  <testcase classname="test_method.Pharmeasy_offermodule" name="Reback_offer" time="1.571"/>
  <system-out/>
  <testcase classname="test_method.Pharmeasy_offermodule" name="Move3_offer" time="1.602"/>
  <system-out/>
  <testcase classname="test_method.Pharmeasy_offermodule" name="Reback1_offer" time="1.249"/>
  <system-out/>
  <testcase classname="test_method.Pharmeasy_offermodule" name="Table_offer" time="1.065"/>
  <system-out/>
  <testcase classname="test_method.Pharmeasy_offermodule" name="Q1_offer" time="1.095"/>
  <system-out/>
  <testcase classname="test_method.Pharmeasy_offermodule" name="Q2_offer" time="1.086"/>
  <system-out/>
  <testcase classname="test_method.Pharmeasy_offermodule" name="Q3_offer" time="1.085"/>
  <system-out/>
  <testcase classname="test_method.Pharmeasy_offermodule" name="Code2_offer">
    <skipped/>
  </testcase> <!-- Code2_offer -->
  <system-out/>
  <testcase classname="test_method.Pharmeasy_offermodule" name="Code1_offer">
    <skipped/>
  </testcase> <!-- Code1_offer -->
  <system-out/>
</testsuite> <!-- test_method.Pharmeasy_offermodule -->
