<?xml version="1.0" encoding="UTF-8"?>
<!-- Generated by org.testng.reporters.JUnitReportReporter -->
<testsuite hostname="BINTERNS-QA35L" failures="0" tests="30" name="test_method.PharmEasy_Labtestmodule" time="64.310" errors="0" timestamp="2023-05-11T18:41:15 IST" skipped="0">
  <testcase classname="test_method.PharmEasy_Labtestmodule" name="LabTest_module" time="5.250"/>
  <system-out/>
  <testcase classname="test_method.PharmEasy_Labtestmodule" name="Deliveryto_labtestsmodule" time="1.206"/>
  <system-out/>
  <testcase classname="test_method.PharmEasy_Labtestmodule" name="Pinenter_labtestsmodule" time="1.117"/>
  <system-out/>
  <testcase classname="test_method.PharmEasy_Labtestmodule" name="Checkpin_labtestsmodule" time="4.414"/>
  <system-out/>
  <testcase classname="test_method.PharmEasy_Labtestmodule" name="Leftscroll_labtestmodule" time="1.119"/>
  <system-out/>
  <testcase classname="test_method.PharmEasy_Labtestmodule" name="Rightscroll_labtestmodule" time="1.078"/>
  <system-out/>
  <testcase classname="test_method.PharmEasy_Labtestmodule" name="Searchpackage_labtestmodule" time="1.316"/>
  <system-out/>
  <testcase classname="test_method.PharmEasy_Labtestmodule" name="Select_labtestmodule" time="1.592"/>
  <system-out/>
  <testcase classname="test_method.PharmEasy_Labtestmodule" name="Patients_labtestmodule" time="1.187"/>
  <system-out/>
  <testcase classname="test_method.PharmEasy_Labtestmodule" name="All_test" time="1.851"/>
  <system-out/>
  <testcase classname="test_method.PharmEasy_Labtestmodule" name="Lipid_profile" time="1.230"/>
  <system-out/>
  <testcase classname="test_method.PharmEasy_Labtestmodule" name="Cross_lipidprofile" time="1.213"/>
  <system-out/>
  <testcase classname="test_method.PharmEasy_Labtestmodule" name="Renal_kidneytest" time="11.457"/>
  <system-out/>
  <testcase classname="test_method.PharmEasy_Labtestmodule" name="Reanl_kidneytesttext" time="1.064"/>
  <system-out/>
  <testcase classname="test_method.PharmEasy_Labtestmodule" name="Reanl_kidneytestdetails" time="1.061"/>
  <system-out/>
  <testcase classname="test_method.PharmEasy_Labtestmodule" name="Renal_kidneybook" time="1.083"/>
  <system-out/>
  <testcase classname="test_method.PharmEasy_Labtestmodule" name="Renal_kidneyPatients" time="5.247"/>
  <system-out/>
  <testcase classname="test_method.PharmEasy_Labtestmodule" name="RTPCR" time="2.505"/>
  <system-out/>
  <testcase classname="test_method.PharmEasy_Labtestmodule" name="Covid_19" time="1.092"/>
  <system-out/>
  <testcase classname="test_method.PharmEasy_Labtestmodule" name="Viewmore" time="1.065"/>
  <system-out/>
  <testcase classname="test_method.PharmEasy_Labtestmodule" name="Ranges_Covid" time="1.060"/>
  <system-out/>
  <testcase classname="test_method.PharmEasy_Labtestmodule" name="LabTestBack_module" time="4.582"/>
  <system-out/>
  <testcase classname="test_method.PharmEasy_Labtestmodule" name="Healthpackages_labtestmodule" time="1.155"/>
  <system-out/>
  <testcase classname="test_method.PharmEasy_Labtestmodule" name="Hairbasic_healthpackagemodule" time="2.485"/>
  <system-out/>
  <testcase classname="test_method.PharmEasy_Labtestmodule" name="Hairbasicbook_healthpackagemodule" time="1.109"/>
  <system-out/>
  <testcase classname="test_method.PharmEasy_Labtestmodule" name="Hairbasicpatient_healthpackagemodule" time="2.523"/>
  <system-out/>
  <testcase classname="test_method.PharmEasy_Labtestmodule" name="Cart_labtestmodule" time="1.060"/>
  <system-out/>
  <testcase classname="test_method.PharmEasy_Labtestmodule" name="Detailsproduct1_labtestmodule" time="1.067"/>
  <system-out/>
  <testcase classname="test_method.PharmEasy_Labtestmodule" name="Deatilsproduct2_labtestmodule" time="1.062"/>
  <system-out/>
  <testcase classname="test_method.PharmEasy_Labtestmodule" name="Deatilsproduct3_labtestmodule" time="1.060"/>
  <system-out/>
</testsuite> <!-- test_method.PharmEasy_Labtestmodule -->
