<?xml version="1.0" encoding="UTF-8"?>
<!-- Generated by org.testng.reporters.JUnitReportReporter -->
<testsuite hostname="BINTERNS-QA35L" failures="0" tests="21" name="test_method.PharmEasy_Healthacremodule" time="40.969" errors="0" timestamp="2023-05-12T17:34:17 IST" skipped="0">
  <testcase classname="test_method.PharmEasy_Healthacremodule" name="Healthcare_module" time="4.049"/>
  <system-out/>
  <testcase classname="test_method.PharmEasy_Healthacremodule" name="Topcare_Healthcare_module" time="3.265"/>
  <system-out/>
  <testcase classname="test_method.PharmEasy_Healthacremodule" name="Diabetic_Healthcare_module" time="1.119"/>
  <system-out/>
  <testcase classname="test_method.PharmEasy_Healthacremodule" name="Everherb_Healthcare_module" time="1.105"/>
  <system-out/>
  <testcase classname="test_method.PharmEasy_Healthacremodule" name="Pharmeasy_Healthcare_module" time="1.119"/>
  <system-out/>
  <testcase classname="test_method.PharmEasy_Healthacremodule" name="Popularity_Healthcare_module" time="4.225"/>
  <system-out/>
  <testcase classname="test_method.PharmEasy_Healthacremodule" name="All_categories_Healthcare_module" time="1.290"/>
  <system-out/>
  <testcase classname="test_method.PharmEasy_Healthacremodule" name="Mostloved_Healthcare_module" time="2.112"/>
  <system-out/>
  <testcase classname="test_method.PharmEasy_Healthacremodule" name="Mostlovedpopularity_Healthcare_module" time="4.195"/>
  <system-out/>
  <testcase classname="test_method.PharmEasy_Healthacremodule" name="All_categoriesback_Healthcare_module" time="1.252"/>
  <system-out/>
  <testcase classname="test_method.PharmEasy_Healthacremodule" name="Personalcare_Healthcare_module" time="1.940"/>
  <system-out/>
  <testcase classname="test_method.PharmEasy_Healthacremodule" name="Appliacnes_Personalcare_Healthcare_module" time="1.130"/>
  <system-out/>
  <testcase classname="test_method.PharmEasy_Healthacremodule" name="Oralcare_Personalcare_Healthcare_module" time="1.117"/>
  <system-out/>
  <testcase classname="test_method.PharmEasy_Healthacremodule" name="Anchor_Personalcare_Healthcare_module" time="1.116"/>
  <system-out/>
  <testcase classname="test_method.PharmEasy_Healthacremodule" name="Brand_Personalcare_Healthcare_module" time="1.115"/>
  <system-out/>
  <testcase classname="test_method.PharmEasy_Healthacremodule" name="Popularitypc_Healthcare_module" time="4.201"/>
  <system-out/>
  <testcase classname="test_method.PharmEasy_Healthacremodule" name="All_categoriesReback_Healthcare_module" time="1.354"/>
  <system-out/>
  <testcase classname="test_method.PharmEasy_Healthacremodule" name="Fitness_Healthcare_module" time="1.946"/>
  <system-out/>
  <testcase classname="test_method.PharmEasy_Healthacremodule" name="Viewmore_Healthcare_module" time="1.121"/>
  <system-out/>
  <testcase classname="test_method.PharmEasy_Healthacremodule" name="Specialitysupplements_Healthcare_module" time="1.083"/>
  <system-out/>
  <testcase classname="test_method.PharmEasy_Healthacremodule" name="Apply_Healthcare_module" time="1.115"/>
  <system-out/>
</testsuite> <!-- test_method.PharmEasy_Healthacremodule -->
