<?xml version="1.0" encoding="UTF-8"?>
<!-- Generated by org.testng.reporters.JUnitReportReporter -->
<testsuite hostname="BINTERNS-QA35L" failures="0" tests="21" name="test_method.PharmEasy_Healthacremodule" time="39.762" errors="0" timestamp="2023-05-12T15:13:44 IST" skipped="0">
  <testcase classname="test_method.PharmEasy_Healthacremodule" name="Healthcare_module" time="1.601"/>
  <system-out/>
  <testcase classname="test_method.PharmEasy_Healthacremodule" name="Topcare_Healthcare_module" time="3.153"/>
  <system-out/>
  <testcase classname="test_method.PharmEasy_Healthacremodule" name="Diabetic_Healthcare_module" time="1.078"/>
  <system-out/>
  <testcase classname="test_method.PharmEasy_Healthacremodule" name="Everherb_Healthcare_module" time="1.081"/>
  <system-out/>
  <testcase classname="test_method.PharmEasy_Healthacremodule" name="Pharmeasy_Healthcare_module" time="1.086"/>
  <system-out/>
  <testcase classname="test_method.PharmEasy_Healthacremodule" name="Popularity_Healthcare_module" time="4.153"/>
  <system-out/>
  <testcase classname="test_method.PharmEasy_Healthacremodule" name="All_categories_Healthcare_module" time="1.240"/>
  <system-out/>
  <testcase classname="test_method.PharmEasy_Healthacremodule" name="Mostloved_Healthcare_module" time="3.443"/>
  <system-out/>
  <testcase classname="test_method.PharmEasy_Healthacremodule" name="Mostlovedpopularity_Healthcare_module" time="4.162"/>
  <system-out/>
  <testcase classname="test_method.PharmEasy_Healthacremodule" name="All_categoriesback_Healthcare_module" time="1.189"/>
  <system-out/>
  <testcase classname="test_method.PharmEasy_Healthacremodule" name="Personalcare_Healthcare_module" time="1.460"/>
  <system-out/>
  <testcase classname="test_method.PharmEasy_Healthacremodule" name="Appliacnes_Personalcare_Healthcare_module" time="1.113"/>
  <system-out/>
  <testcase classname="test_method.PharmEasy_Healthacremodule" name="Oralcare_Personalcare_Healthcare_module" time="1.086"/>
  <system-out/>
  <testcase classname="test_method.PharmEasy_Healthacremodule" name="Anchor_Personalcare_Healthcare_module" time="1.082"/>
  <system-out/>
  <testcase classname="test_method.PharmEasy_Healthacremodule" name="Brand_Personalcare_Healthcare_module" time="1.082"/>
  <system-out/>
  <testcase classname="test_method.PharmEasy_Healthacremodule" name="Popularitypc_Healthcare_module" time="4.136"/>
  <system-out/>
  <testcase classname="test_method.PharmEasy_Healthacremodule" name="All_categoriesReback_Healthcare_module" time="1.284"/>
  <system-out/>
  <testcase classname="test_method.PharmEasy_Healthacremodule" name="Fitness_Healthcare_module" time="3.110"/>
  <system-out/>
  <testcase classname="test_method.PharmEasy_Healthacremodule" name="Viewmore_Healthcare_module" time="1.071"/>
  <system-out/>
  <testcase classname="test_method.PharmEasy_Healthacremodule" name="Specialitysupplements_Healthcare_module" time="1.057"/>
  <system-out/>
  <testcase classname="test_method.PharmEasy_Healthacremodule" name="Apply_Healthcare_module" time="1.095"/>
  <system-out/>
</testsuite> <!-- test_method.PharmEasy_Healthacremodule -->
